<?xml version="1.0" encoding="UTF-8"?>
<!-- Generated by org.testng.reporters.JUnitXMLReporter -->
<testsuite ignored="0" hostname="ERROR" failures="0" tests="6" name="Default test" time="2.58" errors="0" timestamp="2024-03-18T04:53:15 EET">
  <testcase classname="HomePage.HomePageTestCases" name="checkContactNumber" time="0.05"/>
  <testcase classname="HomePage.HomePageTestCases" name="checkFlightsDate" time="0.061"/>
  <testcase classname="HomePage.HomePageTestCases" name="checkHotelTabIsNotSelected" time="0.031"/>
  <testcase classname="HomePage.HomePageTestCases" name="checkQitafLogo" time="0.034"/>
  <testcase classname="HomePage.HomePageTestCases" name="defaultCurrencySARTest" time="0.029"/>
  <testcase classname="HomePage.HomePageTestCases" name="defaultEnglishLanguageTest" time="0.026"/>
</testsuite> <!-- Default test -->
