<?xml version="1.0" encoding="UTF-8"?>
<!-- Generated by org.testng.reporters.JUnitXMLReporter -->
<testsuite ignored="0" hostname="ERROR" failures="0" tests="8" name="Default test" time="15.713" errors="0" timestamp="2024-03-20T02:40:13 EET">
  <testcase classname="HomePage.HomePageTestCases" name="checkContactNumber" time="0.082"/>
  <testcase classname="HomePage.HomePageTestCases" name="checkFlightsDate" time="0.106"/>
  <testcase classname="HomePage.HomePageTestCases" name="checkHotelTabIsNotSelected" time="0.153"/>
  <testcase classname="HomePage.HomePageTestCases" name="checkQitafLogo" time="0.047"/>
  <testcase classname="HomePage.HomePageTestCases" name="defaultCurrencySARTest" time="0.046"/>
  <testcase classname="HomePage.HomePageTestCases" name="defaultEnglishLanguageTest" time="0.15"/>
  <testcase classname="HomePage.HomePageTestCases" name="randomlyChooseLanguages" time="0.582"/>
  <testcase classname="HomePage.HomePageTestCases" name="searchHotelProcces" time="11.244"/>
</testsuite> <!-- Default test -->
