<?xml version="1.0" encoding="UTF-8"?>
<testng-results ignored="0" total="2" passed="2" failed="0" skipped="0">
  <reporter-output>
  </reporter-output>
  <suite started-at="2024-03-20T02:15:55 EET" name="Default suite" finished-at="2024-03-20T02:16:16 EET" duration-ms="20879">
    <groups>
    </groups>
    <test started-at="2024-03-20T02:15:55 EET" name="Default test" finished-at="2024-03-20T02:16:16 EET" duration-ms="20879">
      <class name="HotelPage.HotelPageTestCase">
        <test-method is-config="true" signature="setup()[pri:0, instance:HotelPage.HotelPageTestCase@25a6944c]" started-at="2024-03-20T02:15:55 EET" name="setup" finished-at="2024-03-20T02:15:58 EET" duration-ms="3145" status="PASS">
          <reporter-output>
          </reporter-output>
        </test-method> <!-- setup -->
        <test-method signature="searchHotelProcces()[pri:1, instance:HotelPage.HotelPageTestCase@25a6944c]" started-at="2024-03-20T02:15:58 EET" name="searchHotelProcces" finished-at="2024-03-20T02:16:09 EET" duration-ms="10735" status="PASS">
          <reporter-output>
          </reporter-output>
        </test-method> <!-- searchHotelProcces -->
        <test-method signature="checkLowPriceFilter()[pri:2, instance:HotelPage.HotelPageTestCase@25a6944c]" started-at="2024-03-20T02:16:09 EET" name="checkLowPriceFilter" finished-at="2024-03-20T02:16:16 EET" duration-ms="6951" status="PASS">
          <reporter-output>
          </reporter-output>
        </test-method> <!-- checkLowPriceFilter -->
      </class> <!-- HotelPage.HotelPageTestCase -->
    </test> <!-- Default test -->
  </suite> <!-- Default suite -->
</testng-results>
