<?xml version="1.0" encoding="UTF-8"?>
<testng-results ignored="0" total="8" passed="8" failed="0" skipped="0">
  <reporter-output>
  </reporter-output>
  <suite started-at="2024-03-20T02:39:57 EET" name="Default suite" finished-at="2024-03-20T02:40:13 EET" duration-ms="15713">
    <groups>
    </groups>
    <test started-at="2024-03-20T02:39:57 EET" name="Default test" finished-at="2024-03-20T02:40:13 EET" duration-ms="15713">
      <class name="HomePage.HomePageTestCases">
        <test-method is-config="true" signature="mySetup()[pri:0, instance:HomePage.HomePageTestCases@43b6123e]" started-at="2024-03-20T02:39:57 EET" name="mySetup" finished-at="2024-03-20T02:40:00 EET" duration-ms="3249" status="PASS">
          <reporter-output>
          </reporter-output>
        </test-method> <!-- mySetup -->
        <test-method signature="checkContactNumber()[pri:1, instance:HomePage.HomePageTestCases@43b6123e]" started-at="2024-03-20T02:40:00 EET" name="checkContactNumber" finished-at="2024-03-20T02:40:00 EET" duration-ms="82" status="PASS">
          <reporter-output>
          </reporter-output>
        </test-method> <!-- checkContactNumber -->
        <test-method signature="checkFlightsDate()[pri:1, instance:HomePage.HomePageTestCases@43b6123e]" started-at="2024-03-20T02:40:00 EET" name="checkFlightsDate" description="Check if Departure Date is Tomorrow And Return Date is After Tomorrow" finished-at="2024-03-20T02:40:00 EET" duration-ms="106" status="PASS">
          <reporter-output>
          </reporter-output>
        </test-method> <!-- checkFlightsDate -->
        <test-method signature="checkHotelTabIsNotSelected()[pri:1, instance:HomePage.HomePageTestCases@43b6123e]" started-at="2024-03-20T02:40:00 EET" name="checkHotelTabIsNotSelected" finished-at="2024-03-20T02:40:01 EET" duration-ms="153" status="PASS">
          <reporter-output>
          </reporter-output>
        </test-method> <!-- checkHotelTabIsNotSelected -->
        <test-method signature="checkQitafLogo()[pri:1, instance:HomePage.HomePageTestCases@43b6123e]" started-at="2024-03-20T02:40:01 EET" name="checkQitafLogo" description="Check if Qitaf Logo Is Displayed or Not" finished-at="2024-03-20T02:40:01 EET" duration-ms="47" status="PASS">
          <reporter-output>
          </reporter-output>
        </test-method> <!-- checkQitafLogo -->
        <test-method signature="defaultCurrencySARTest()[pri:1, instance:HomePage.HomePageTestCases@43b6123e]" started-at="2024-03-20T02:40:01 EET" name="defaultCurrencySARTest" description="Check Default Currency - SAR -" finished-at="2024-03-20T02:40:01 EET" duration-ms="46" status="PASS">
          <reporter-output>
          </reporter-output>
        </test-method> <!-- defaultCurrencySARTest -->
        <test-method signature="defaultEnglishLanguageTest()[pri:1, instance:HomePage.HomePageTestCases@43b6123e]" started-at="2024-03-20T02:40:01 EET" name="defaultEnglishLanguageTest" description="Check Default Language - EN -" finished-at="2024-03-20T02:40:01 EET" duration-ms="150" status="PASS">
          <reporter-output>
          </reporter-output>
        </test-method> <!-- defaultEnglishLanguageTest -->
        <test-method signature="randomlyChooseLanguages()[pri:2, instance:HomePage.HomePageTestCases@43b6123e]" started-at="2024-03-20T02:40:01 EET" name="randomlyChooseLanguages" finished-at="2024-03-20T02:40:01 EET" duration-ms="582" status="PASS">
          <reporter-output>
          </reporter-output>
        </test-method> <!-- randomlyChooseLanguages -->
        <test-method signature="searchHotelProcces()[pri:3, instance:HomePage.HomePageTestCases@43b6123e]" started-at="2024-03-20T02:40:01 EET" name="searchHotelProcces" description="Test Search Procces And Show Search Result With Assertion" finished-at="2024-03-20T02:40:13 EET" duration-ms="11244" status="PASS">
          <reporter-output>
          </reporter-output>
        </test-method> <!-- searchHotelProcces -->
      </class> <!-- HomePage.HomePageTestCases -->
    </test> <!-- Default test -->
  </suite> <!-- Default suite -->
</testng-results>
